1784075493.024253 client started (4623): version 3.4, socket /tmp/tmux-1000/default, protocol 8
1784075493.024289 on Linux 6.8.0-134-generic #134-Ubuntu SMP PREEMPT_DYNAMIC Fri Jun 26 18:43:11 UTC 2026
1784075493.024294 using libevent 2.1.12-stable poll
1784075493.024298 using ncurses 6.4 20240113
1784075493.024323 flags are 0x10010000
1784075493.024338 socket is /tmp/tmux-1000/default
1784075493.024354 trying connect
1784075493.024526 add peer 0x5654c96029f0: 6 ((nil))
1784075493.025089 sending message 100 to peer 0x5654c96029f0 (4 bytes)
1784075493.025103 sending message 111 to peer 0x5654c96029f0 (8 bytes)
1784075493.025108 sending message 101 to peer 0x5654c96029f0 (14 bytes)
1784075493.025114 sending message 109 to peer 0x5654c96029f0 (4 bytes)
1784075493.025122 sending message 102 to peer 0x5654c96029f0 (11 bytes)
1784075493.025130 sending message 108 to peer 0x5654c96029f0 (33 bytes)
1784075493.025137 sending message 112 to peer 0x5654c96029f0 (70 bytes)
1784075493.025143 sending message 112 to peer 0x5654c96029f0 (5 bytes)
1784075493.025149 sending message 112 to peer 0x5654c96029f0 (5 bytes)
1784075493.025156 sending message 112 to peer 0x5654c96029f0 (6 bytes)
1784075493.025162 sending message 112 to peer 0x5654c96029f0 (6 bytes)
1784075493.025167 sending message 112 to peer 0x5654c96029f0 (11 bytes)
1784075493.025172 sending message 112 to peer 0x5654c96029f0 (10 bytes)
1784075493.025176 sending message 112 to peer 0x5654c96029f0 (13 bytes)
1784075493.025180 sending message 112 to peer 0x5654c96029f0 (13 bytes)
1784075493.025185 sending message 112 to peer 0x5654c96029f0 (18 bytes)
1784075493.025189 sending message 112 to peer 0x5654c96029f0 (11 bytes)
1784075493.025193 sending message 112 to peer 0x5654c96029f0 (10 bytes)
1784075493.025198 sending message 112 to peer 0x5654c96029f0 (15 bytes)
1784075493.025202 sending message 112 to peer 0x5654c96029f0 (21 bytes)
1784075493.025206 sending message 112 to peer 0x5654c96029f0 (13 bytes)
1784075493.025211 sending message 112 to peer 0x5654c96029f0 (7 bytes)
1784075493.025215 sending message 112 to peer 0x5654c96029f0 (13 bytes)
1784075493.025220 sending message 112 to peer 0x5654c96029f0 (7 bytes)
1784075493.025227 sending message 112 to peer 0x5654c96029f0 (13 bytes)
1784075493.025235 sending message 112 to peer 0x5654c96029f0 (9 bytes)
1784075493.025241 sending message 112 to peer 0x5654c96029f0 (21 bytes)
1784075493.025247 sending message 112 to peer 0x5654c96029f0 (13 bytes)
1784075493.025251 sending message 112 to peer 0x5654c96029f0 (8 bytes)
1784075493.025256 sending message 112 to peer 0x5654c96029f0 (12 bytes)
1784075493.025262 sending message 112 to peer 0x5654c96029f0 (13 bytes)
1784075493.025268 sending message 112 to peer 0x5654c96029f0 (9 bytes)
1784075493.025274 sending message 112 to peer 0x5654c96029f0 (9 bytes)
1784075493.025278 sending message 112 to peer 0x5654c96029f0 (12 bytes)
1784075493.025282 sending message 112 to peer 0x5654c96029f0 (8 bytes)
1784075493.025287 sending message 112 to peer 0x5654c96029f0 (8 bytes)
1784075493.025292 sending message 112 to peer 0x5654c96029f0 (7 bytes)
1784075493.025300 sending message 112 to peer 0x5654c96029f0 (7 bytes)
1784075493.025308 sending message 112 to peer 0x5654c96029f0 (9 bytes)
1784075493.025315 sending message 112 to peer 0x5654c96029f0 (13 bytes)
1784075493.025322 sending message 112 to peer 0x5654c96029f0 (6 bytes)
1784075493.025329 sending message 112 to peer 0x5654c96029f0 (9 bytes)
1784075493.025336 sending message 112 to peer 0x5654c96029f0 (15 bytes)
1784075493.025340 sending message 112 to peer 0x5654c96029f0 (13 bytes)
1784075493.025345 sending message 112 to peer 0x5654c96029f0 (12 bytes)
1784075493.025349 sending message 112 to peer 0x5654c96029f0 (8 bytes)
1784075493.025354 sending message 112 to peer 0x5654c96029f0 (14 bytes)
1784075493.025358 sending message 112 to peer 0x5654c96029f0 (11 bytes)
1784075493.025362 sending message 112 to peer 0x5654c96029f0 (9 bytes)
1784075493.025367 sending message 112 to peer 0x5654c96029f0 (10 bytes)
1784075493.025371 sending message 112 to peer 0x5654c96029f0 (10 bytes)
1784075493.025384 sending message 112 to peer 0x5654c96029f0 (10 bytes)
1784075493.025389 sending message 112 to peer 0x5654c96029f0 (10 bytes)
1784075493.025393 sending message 112 to peer 0x5654c96029f0 (11 bytes)
1784075493.025398 sending message 112 to peer 0x5654c96029f0 (12 bytes)
1784075493.025402 sending message 112 to peer 0x5654c96029f0 (12 bytes)
1784075493.025406 sending message 112 to peer 0x5654c96029f0 (12 bytes)
1784075493.025411 sending message 112 to peer 0x5654c96029f0 (12 bytes)
1784075493.025415 sending message 112 to peer 0x5654c96029f0 (12 bytes)
1784075493.025419 sending message 112 to peer 0x5654c96029f0 (11 bytes)
1784075493.025424 sending message 112 to peer 0x5654c96029f0 (11 bytes)
1784075493.025428 sending message 112 to peer 0x5654c96029f0 (12 bytes)
1784075493.025432 sending message 112 to peer 0x5654c96029f0 (12 bytes)
1784075493.025446 sending message 112 to peer 0x5654c96029f0 (12 bytes)
1784075493.025452 sending message 112 to peer 0x5654c96029f0 (12 bytes)
1784075493.025456 sending message 112 to peer 0x5654c96029f0 (12 bytes)
1784075493.025461 sending message 112 to peer 0x5654c96029f0 (10 bytes)
1784075493.025465 sending message 112 to peer 0x5654c96029f0 (12 bytes)
1784075493.025469 sending message 112 to peer 0x5654c96029f0 (13 bytes)
1784075493.025474 sending message 112 to peer 0x5654c96029f0 (13 bytes)
1784075493.025478 sending message 112 to peer 0x5654c96029f0 (13 bytes)
1784075493.025482 sending message 112 to peer 0x5654c96029f0 (13 bytes)
1784075493.025487 sending message 112 to peer 0x5654c96029f0 (13 bytes)
1784075493.025491 sending message 112 to peer 0x5654c96029f0 (8 bytes)
1784075493.025495 sending message 112 to peer 0x5654c96029f0 (11 bytes)
1784075493.025500 sending message 112 to peer 0x5654c96029f0 (11 bytes)
1784075493.025518 sending message 112 to peer 0x5654c96029f0 (11 bytes)
1784075493.025522 sending message 112 to peer 0x5654c96029f0 (12 bytes)
1784075493.025540 sending message 112 to peer 0x5654c96029f0 (12 bytes)
1784075493.025545 sending message 112 to peer 0x5654c96029f0 (12 bytes)
1784075493.025554 sending message 112 to peer 0x5654c96029f0 (12 bytes)
1784075493.025562 sending message 112 to peer 0x5654c96029f0 (13 bytes)
1784075493.025582 sending message 112 to peer 0x5654c96029f0 (13 bytes)
1784075493.025589 sending message 112 to peer 0x5654c96029f0 (13 bytes)
1784075493.025596 sending message 112 to peer 0x5654c96029f0 (8 bytes)
1784075493.025602 sending message 112 to peer 0x5654c96029f0 (13 bytes)
1784075493.025607 sending message 112 to peer 0x5654c96029f0 (13 bytes)
1784075493.025630 sending message 112 to peer 0x5654c96029f0 (13 bytes)
1784075493.025638 sending message 112 to peer 0x5654c96029f0 (13 bytes)
1784075493.025645 sending message 112 to peer 0x5654c96029f0 (13 bytes)
1784075493.025651 sending message 112 to peer 0x5654c96029f0 (12 bytes)
1784075493.025658 sending message 112 to peer 0x5654c96029f0 (12 bytes)
1784075493.025663 sending message 112 to peer 0x5654c96029f0 (12 bytes)
1784075493.025667 sending message 112 to peer 0x5654c96029f0 (12 bytes)
1784075493.025674 sending message 112 to peer 0x5654c96029f0 (13 bytes)
1784075493.025683 sending message 112 to peer 0x5654c96029f0 (8 bytes)
1784075493.025688 sending message 112 to peer 0x5654c96029f0 (13 bytes)
1784075493.025694 sending message 112 to peer 0x5654c96029f0 (13 bytes)
1784075493.025700 sending message 112 to peer 0x5654c96029f0 (13 bytes)
1784075493.025706 sending message 112 to peer 0x5654c96029f0 (13 bytes)
1784075493.025711 sending message 112 to peer 0x5654c96029f0 (13 bytes)
1784075493.025716 sending message 112 to peer 0x5654c96029f0 (13 bytes)
1784075493.025721 sending message 112 to peer 0x5654c96029f0 (13 bytes)
1784075493.025728 sending message 112 to peer 0x5654c96029f0 (12 bytes)
1784075493.025736 sending message 112 to peer 0x5654c96029f0 (12 bytes)
1784075493.025741 sending message 112 to peer 0x5654c96029f0 (12 bytes)
1784075493.025746 sending message 112 to peer 0x5654c96029f0 (8 bytes)
1784075493.025752 sending message 112 to peer 0x5654c96029f0 (12 bytes)
1784075493.025763 sending message 112 to peer 0x5654c96029f0 (13 bytes)
1784075493.025767 sending message 112 to peer 0x5654c96029f0 (13 bytes)
1784075493.025772 sending message 112 to peer 0x5654c96029f0 (13 bytes)
1784075493.025776 sending message 112 to peer 0x5654c96029f0 (13 bytes)
1784075493.025781 sending message 112 to peer 0x5654c96029f0 (13 bytes)
1784075493.025786 sending message 112 to peer 0x5654c96029f0 (13 bytes)
1784075493.025791 sending message 112 to peer 0x5654c96029f0 (13 bytes)
1784075493.025797 sending message 112 to peer 0x5654c96029f0 (13 bytes)
1784075493.025803 sending message 112 to peer 0x5654c96029f0 (12 bytes)
1784075493.025809 sending message 112 to peer 0x5654c96029f0 (10 bytes)
1784075493.025813 sending message 112 to peer 0x5654c96029f0 (12 bytes)
1784075493.025817 sending message 112 to peer 0x5654c96029f0 (12 bytes)
1784075493.025822 sending message 112 to peer 0x5654c96029f0 (12 bytes)
1784075493.025829 sending message 112 to peer 0x5654c96029f0 (13 bytes)
1784075493.025838 sending message 112 to peer 0x5654c96029f0 (13 bytes)
1784075493.025845 sending message 112 to peer 0x5654c96029f0 (13 bytes)
1784075493.025852 sending message 112 to peer 0x5654c96029f0 (13 bytes)
1784075493.025859 sending message 112 to peer 0x5654c96029f0 (13 bytes)
1784075493.025865 sending message 112 to peer 0x5654c96029f0 (13 bytes)
1784075493.025869 sending message 112 to peer 0x5654c96029f0 (13 bytes)
1784075493.025873 sending message 112 to peer 0x5654c96029f0 (10 bytes)
1784075493.025878 sending message 112 to peer 0x5654c96029f0 (13 bytes)
1784075493.025882 sending message 112 to peer 0x5654c96029f0 (12 bytes)
1784075493.025886 sending message 112 to peer 0x5654c96029f0 (12 bytes)
1784075493.025891 sending message 112 to peer 0x5654c96029f0 (12 bytes)
1784075493.025895 sending message 112 to peer 0x5654c96029f0 (10 bytes)
1784075493.025899 sending message 112 to peer 0x5654c96029f0 (10 bytes)
1784075493.025908 sending message 112 to peer 0x5654c96029f0 (10 bytes)
1784075493.025912 sending message 112 to peer 0x5654c96029f0 (12 bytes)
1784075493.025916 sending message 112 to peer 0x5654c96029f0 (13 bytes)
1784075493.025943 sending message 112 to peer 0x5654c96029f0 (13 bytes)
1784075493.025949 sending message 112 to peer 0x5654c96029f0 (13 bytes)
1784075493.025953 sending message 112 to peer 0x5654c96029f0 (13 bytes)
1784075493.025958 sending message 112 to peer 0x5654c96029f0 (13 bytes)
1784075493.025962 sending message 112 to peer 0x5654c96029f0 (11 bytes)
1784075493.025966 sending message 112 to peer 0x5654c96029f0 (11 bytes)
1784075493.025971 sending message 112 to peer 0x5654c96029f0 (12 bytes)
1784075493.025975 sending message 112 to peer 0x5654c96029f0 (12 bytes)
1784075493.025980 sending message 112 to peer 0x5654c96029f0 (12 bytes)
1784075493.025984 sending message 112 to peer 0x5654c96029f0 (12 bytes)
1784075493.025988 sending message 112 to peer 0x5654c96029f0 (12 bytes)
1784075493.025992 sending message 112 to peer 0x5654c96029f0 (11 bytes)
1784075493.025997 sending message 112 to peer 0x5654c96029f0 (12 bytes)
1784075493.026001 sending message 112 to peer 0x5654c96029f0 (12 bytes)
1784075493.026006 sending message 112 to peer 0x5654c96029f0 (13 bytes)
1784075493.026010 sending message 112 to peer 0x5654c96029f0 (13 bytes)
1784075493.026014 sending message 112 to peer 0x5654c96029f0 (13 bytes)
1784075493.026019 sending message 112 to peer 0x5654c96029f0 (13 bytes)
1784075493.026023 sending message 112 to peer 0x5654c96029f0 (13 bytes)
1784075493.026030 sending message 112 to peer 0x5654c96029f0 (10 bytes)
1784075493.026037 sending message 112 to peer 0x5654c96029f0 (9 bytes)
1784075493.026043 sending message 112 to peer 0x5654c96029f0 (12 bytes)
1784075493.026050 sending message 112 to peer 0x5654c96029f0 (13 bytes)
1784075493.026055 sending message 112 to peer 0x5654c96029f0 (13 bytes)
1784075493.026063 sending message 112 to peer 0x5654c96029f0 (13 bytes)
1784075493.026072 sending message 112 to peer 0x5654c96029f0 (13 bytes)
1784075493.026078 sending message 112 to peer 0x5654c96029f0 (13 bytes)
1784075493.026115 sending message 112 to peer 0x5654c96029f0 (9 bytes)
1784075493.026123 sending message 112 to peer 0x5654c96029f0 (12 bytes)
1784075493.026129 sending message 112 to peer 0x5654c96029f0 (13 bytes)
1784075493.026135 sending message 112 to peer 0x5654c96029f0 (13 bytes)
1784075493.026141 sending message 112 to peer 0x5654c96029f0 (13 bytes)
1784075493.026147 sending message 112 to peer 0x5654c96029f0 (13 bytes)
1784075493.026152 sending message 112 to peer 0x5654c96029f0 (13 bytes)
1784075493.026158 sending message 112 to peer 0x5654c96029f0 (11 bytes)
1784075493.026163 sending message 112 to peer 0x5654c96029f0 (12 bytes)
1784075493.026168 sending message 112 to peer 0x5654c96029f0 (13 bytes)
1784075493.026172 sending message 112 to peer 0x5654c96029f0 (13 bytes)
1784075493.026176 sending message 112 to peer 0x5654c96029f0 (13 bytes)
1784075493.026181 sending message 112 to peer 0x5654c96029f0 (13 bytes)
1784075493.026185 sending message 112 to peer 0x5654c96029f0 (13 bytes)
1784075493.026189 sending message 112 to peer 0x5654c96029f0 (11 bytes)
1784075493.026194 sending message 112 to peer 0x5654c96029f0 (12 bytes)
1784075493.026198 sending message 112 to peer 0x5654c96029f0 (12 bytes)
1784075493.026203 sending message 112 to peer 0x5654c96029f0 (12 bytes)
1784075493.026207 sending message 112 to peer 0x5654c96029f0 (12 bytes)
1784075493.026211 sending message 112 to peer 0x5654c96029f0 (12 bytes)
1784075493.026216 sending message 112 to peer 0x5654c96029f0 (21 bytes)
1784075493.026220 sending message 112 to peer 0x5654c96029f0 (12 bytes)
1784075493.026225 sending message 112 to peer 0x5654c96029f0 (9 bytes)
1784075493.026229 sending message 112 to peer 0x5654c96029f0 (6 bytes)
1784075493.026234 sending message 112 to peer 0x5654c96029f0 (13 bytes)
1784075493.026238 sending message 112 to peer 0x5654c96029f0 (8 bytes)
1784075493.026242 sending message 112 to peer 0x5654c96029f0 (15 bytes)
1784075493.026247 sending message 112 to peer 0x5654c96029f0 (13 bytes)
1784075493.026251 sending message 112 to peer 0x5654c96029f0 (9 bytes)
1784075493.026256 sending message 112 to peer 0x5654c96029f0 (70 bytes)
1784075493.026260 sending message 112 to peer 0x5654c96029f0 (69 bytes)
1784075493.026265 sending message 112 to peer 0x5654c96029f0 (10 bytes)
1784075493.026269 sending message 112 to peer 0x5654c96029f0 (10 bytes)
1784075493.026273 sending message 112 to peer 0x5654c96029f0 (8 bytes)
1784075493.026278 sending message 112 to peer 0x5654c96029f0 (15 bytes)
1784075493.026282 sending message 112 to peer 0x5654c96029f0 (13 bytes)
1784075493.026286 sending message 112 to peer 0x5654c96029f0 (10 bytes)
1784075493.026291 sending message 112 to peer 0x5654c96029f0 (10 bytes)
1784075493.026295 sending message 112 to peer 0x5654c96029f0 (17 bytes)
1784075493.026300 sending message 112 to peer 0x5654c96029f0 (10 bytes)
1784075493.026304 sending message 112 to peer 0x5654c96029f0 (13 bytes)
1784075493.026309 sending message 112 to peer 0x5654c96029f0 (9 bytes)
1784075493.026313 sending message 112 to peer 0x5654c96029f0 (5 bytes)
1784075493.026317 sending message 112 to peer 0x5654c96029f0 (15 bytes)
1784075493.026323 sending message 104 to peer 0x5654c96029f0 (0 bytes)
1784075493.026329 sending message 110 to peer 0x5654c96029f0 (0 bytes)
1784075493.026334 sending message 107 to peer 0x5654c96029f0 (4 bytes)
1784075493.026339 sending message 105 to peer 0x5654c96029f0 (16 bytes)
1784075493.026343 sending message 105 to peer 0x5654c96029f0 (65 bytes)
1784075493.026348 sending message 105 to peer 0x5654c96029f0 (25 bytes)
1784075493.026352 sending message 105 to peer 0x5654c96029f0 (35 bytes)
1784075493.026356 sending message 105 to peer 0x5654c96029f0 (47 bytes)
1784075493.026361 sending message 105 to peer 0x5654c96029f0 (19 bytes)
1784075493.026365 sending message 105 to peer 0x5654c96029f0 (37 bytes)
1784075493.026370 sending message 105 to peer 0x5654c96029f0 (19 bytes)
1784075493.026374 sending message 105 to peer 0x5654c96029f0 (21 bytes)
1784075493.026379 sending message 105 to peer 0x5654c96029f0 (22 bytes)
1784075493.026388 sending message 105 to peer 0x5654c96029f0 (17 bytes)
1784075493.026392 sending message 105 to peer 0x5654c96029f0 (1817 bytes)
1784075493.026406 sending message 105 to peer 0x5654c96029f0 (19 bytes)
1784075493.026411 sending message 105 to peer 0x5654c96029f0 (47 bytes)
1784075493.026415 sending message 105 to peer 0x5654c96029f0 (30 bytes)
1784075493.026420 sending message 105 to peer 0x5654c96029f0 (34 bytes)
1784075493.026424 sending message 105 to peer 0x5654c96029f0 (23 bytes)
1784075493.026429 sending message 105 to peer 0x5654c96029f0 (19 bytes)
1784075493.026434 sending message 105 to peer 0x5654c96029f0 (32 bytes)
1784075493.026449 sending message 105 to peer 0x5654c96029f0 (16 bytes)
1784075493.026457 sending message 105 to peer 0x5654c96029f0 (13 bytes)
1784075493.026461 sending message 105 to peer 0x5654c96029f0 (31 bytes)
1784075493.026466 sending message 105 to peer 0x5654c96029f0 (8 bytes)
1784075493.026471 sending message 105 to peer 0x5654c96029f0 (14 bytes)
1784075493.026477 sending message 105 to peer 0x5654c96029f0 (17 bytes)
1784075493.026482 sending message 105 to peer 0x5654c96029f0 (31 bytes)
1784075493.026487 sending message 105 to peer 0x5654c96029f0 (29 bytes)
1784075493.026491 sending message 105 to peer 0x5654c96029f0 (65 bytes)
1784075493.026496 sending message 105 to peer 0x5654c96029f0 (214 bytes)
1784075493.026500 sending message 105 to peer 0x5654c96029f0 (54 bytes)
1784075493.026505 sending message 105 to peer 0x5654c96029f0 (56 bytes)
1784075493.026509 sending message 105 to peer 0x5654c96029f0 (19 bytes)
1784075493.026513 sending message 105 to peer 0x5654c96029f0 (29 bytes)
1784075493.026518 sending message 105 to peer 0x5654c96029f0 (18 bytes)
1784075493.026522 sending message 105 to peer 0x5654c96029f0 (16 bytes)
1784075493.026527 sending message 106 to peer 0x5654c96029f0 (0 bytes)
1784075493.026605 sending message 200 to peer 0x5654c96029f0 (4 bytes)
1784075493.026611 client loop enter
1784075493.027130 peer 0x5654c96029f0 message 303
1784075493.027141 open write file 2 -
1784075493.027154 sending message 305 to peer 0x5654c96029f0 (8 bytes)
1784075493.027181 write check file 2
1784075493.027292 peer 0x5654c96029f0 message 304
1784075493.027297 write 58 to file 2
1784075493.027302 peer 0x5654c96029f0 message 203
1784075493.027306 file 2 58 bytes left
1784075493.027325 write check file 2
1784075493.027329 client loop exit
